SF:lib\screens\settings_page.dart
DA:20,0
DA:22,0
DA:24,0
DA:25,0
DA:26,0
DA:27,0
DA:30,0
DA:31,0
DA:32,0
DA:34,0
DA:35,0
DA:36,0
DA:37,0
DA:44,0
DA:47,0
DA:49,0
DA:54,0
DA:57,0
DA:61,0
DA:64,0
DA:65,0
DA:66,0
DA:67,0
DA:68,0
DA:73,0
DA:74,0
DA:75,0
DA:94,1
DA:96,0
DA:97,0
DA:103,0
DA:105,0
DA:106,0
DA:108,0
DA:110,0
DA:111,0
DA:112,0
DA:114,0
DA:115,0
DA:116,0
DA:117,0
DA:118,0
DA:121,0
DA:122,0
LF:44
LH:1
end_of_record
SF:lib\states\preferences.dart
DA:5,1
DA:13,2
DA:17,2
DA:19,1
DA:20,1
DA:21,1
DA:24,1
DA:25,1
DA:26,1
DA:29,0
DA:30,0
DA:31,0
DA:32,0
DA:33,0
DA:34,0
DA:35,0
DA:36,0
DA:38,0
LF:18
LH:9
end_of_record
SF:lib\states\generated_words_state.dart
DA:11,1
DA:12,2
DA:16,1
DA:17,2
DA:19,1
DA:20,3
DA:21,2
DA:22,1
DA:25,1
DA:26,2
DA:27,2
DA:29,2
DA:31,1
DA:34,1
DA:35,2
DA:36,1
LF:16
LH:16
end_of_record
