SF:lib\services\user_favorites_with_shared_preferences.dart
DA:7,1
DA:9,1
DA:11,1
DA:13,2
DA:15,1
DA:18,1
DA:20,2
DA:23,1
DA:25,1
DA:27,2
DA:29,1
DA:32,1
DA:34,1
DA:35,1
DA:40,1
DA:42,1
DA:43,1
LF:17
LH:17
end_of_record
SF:lib\states\generated_words_state.dart
DA:8,1
DA:10,3
DA:15,1
DA:16,2
DA:18,3
DA:19,2
DA:21,1
DA:22,1
DA:29,1
DA:30,2
DA:34,1
DA:35,2
DA:37,1
DA:38,3
DA:39,2
DA:40,1
DA:43,1
DA:44,2
DA:45,2
DA:46,1
DA:47,3
DA:50,2
DA:51,1
DA:52,3
DA:55,1
DA:58,1
DA:59,2
DA:60,1
DA:61,3
DA:63,1
LF:30
LH:30
end_of_record
